2020-04-29 16:14:51,325 - opfython.models.supervised — INFO — Overriding class: OPF -> SupervisedOPF.
2020-04-29 16:14:51,340 - opfython.core.opf — INFO — Creating class: OPF.
2020-04-29 16:14:51,340 - opfython.core.opf — DEBUG — Distance: log_squared_euclidean | Pre-computed distance: False.
2020-04-29 16:14:51,341 - opfython.core.opf — INFO — Class created.
2020-04-29 16:14:51,342 - opfython.models.supervised — INFO — Class overrided.
2020-04-29 16:14:51,748 - opfython.models.supervised — INFO — Learning the best classifier ...
2020-04-29 16:14:51,750 - opfython.models.supervised — INFO — Running iteration 1/20 ...
2020-04-29 16:14:51,751 - opfython.models.supervised — INFO — Fitting classifier ...
2020-04-29 16:14:51,752 - opfython.models.supervised — DEBUG — Finding prototypes ...
2020-04-29 16:14:51,780 - opfython.models.supervised — DEBUG — Prototypes: [33, 37, 41, 27, 23, 32, 40, 13, 28, 45, 42, 22, 16].
2020-04-29 16:14:51,802 - opfython.models.supervised — INFO — Classifier has been fitted.
2020-04-29 16:14:51,803 - opfython.models.supervised — INFO — Training time: 0.05012154579162598 seconds.
2020-04-29 16:14:51,805 - opfython.models.supervised — INFO — Predicting data ...
2020-04-29 16:14:51,818 - opfython.models.supervised — INFO — Data has been predicted.
2020-04-29 16:14:51,819 - opfython.models.supervised — INFO — Prediction time: 0.01256871223449707 seconds.
2020-04-29 16:14:51,824 - opfython.models.supervised — INFO — Accuracy: 0.9 | Delta: 0.9 | Maximum Accuracy: 0.9
2020-04-29 16:14:51,825 - opfython.models.supervised — INFO — Running iteration 2/20 ...
2020-04-29 16:14:51,826 - opfython.models.supervised — INFO — Fitting classifier ...
2020-04-29 16:14:51,827 - opfython.models.supervised — DEBUG — Finding prototypes ...
2020-04-29 16:14:51,849 - opfython.models.supervised — DEBUG — Prototypes: [12, 31, 9, 33, 37, 41, 27, 15, 43, 42, 23, 32, 40, 13, 28, 45, 22, 16].
2020-04-29 16:14:51,879 - opfython.models.supervised — INFO — Classifier has been fitted.
2020-04-29 16:14:51,880 - opfython.models.supervised — INFO — Training time: 0.052640676498413086 seconds.
2020-04-29 16:14:51,881 - opfython.models.supervised — INFO — Predicting data ...
2020-04-29 16:14:51,901 - opfython.models.supervised — INFO — Data has been predicted.
2020-04-29 16:14:51,902 - opfython.models.supervised — INFO — Prediction time: 0.019050121307373047 seconds.
2020-04-29 16:14:51,906 - opfython.models.supervised — INFO — Accuracy: 0.9166666666666666 | Delta: 0.016666666666666607 | Maximum Accuracy: 0.9166666666666666
2020-04-29 16:14:51,908 - opfython.models.supervised — INFO — Running iteration 3/20 ...
2020-04-29 16:14:51,908 - opfython.models.supervised — INFO — Fitting classifier ...
2020-04-29 16:14:51,910 - opfython.models.supervised — DEBUG — Finding prototypes ...
2020-04-29 16:14:51,941 - opfython.models.supervised — DEBUG — Prototypes: [12, 31, 9, 33, 37, 15, 5, 23, 32, 40, 13, 28, 45, 42, 22, 16].
2020-04-29 16:14:51,972 - opfython.models.supervised — INFO — Classifier has been fitted.
2020-04-29 16:14:51,973 - opfython.models.supervised — INFO — Training time: 0.06316828727722168 seconds.
2020-04-29 16:14:51,974 - opfython.models.supervised — INFO — Predicting data ...
2020-04-29 16:14:51,993 - opfython.models.supervised — INFO — Data has been predicted.
2020-04-29 16:14:51,994 - opfython.models.supervised — INFO — Prediction time: 0.018048524856567383 seconds.
2020-04-29 16:14:51,998 - opfython.models.supervised — INFO — Accuracy: 1.0 | Delta: 0.08333333333333337 | Maximum Accuracy: 1.0
2020-04-29 16:14:51,999 - opfython.models.supervised — INFO — Running iteration 4/20 ...
2020-04-29 16:14:52,000 - opfython.models.supervised — INFO — Fitting classifier ...
2020-04-29 16:14:52,001 - opfython.models.supervised — DEBUG — Finding prototypes ...
2020-04-29 16:14:52,028 - opfython.models.supervised — DEBUG — Prototypes: [12, 31, 9, 33, 37, 15, 5, 23, 32, 40, 13, 28, 45, 42, 22, 16].
2020-04-29 16:14:52,051 - opfython.models.supervised — INFO — Classifier has been fitted.
2020-04-29 16:14:52,052 - opfython.models.supervised — INFO — Training time: 0.050635337829589844 seconds.
2020-04-29 16:14:52,053 - opfython.models.supervised — INFO — Predicting data ...
2020-04-29 16:14:52,067 - opfython.models.supervised — INFO — Data has been predicted.
2020-04-29 16:14:52,068 - opfython.models.supervised — INFO — Prediction time: 0.014036893844604492 seconds.
2020-04-29 16:14:52,069 - opfython.models.supervised — INFO — Accuracy: 1.0 | Delta: 0.0 | Maximum Accuracy: 1.0
2020-04-29 16:14:52,070 - opfython.models.supervised — INFO — Best classifier has been learned over iteration 3.
2020-04-29 16:14:52,070 - opfython.models.supervised — INFO — Predicting data ...
2020-04-29 16:14:52,089 - opfython.models.supervised — INFO — Data has been predicted.
2020-04-29 16:14:52,090 - opfython.models.supervised — INFO — Prediction time: 0.018549442291259766 seconds.
2020-04-29 16:14:52,091 - opfython.models.supervised — INFO — Predicting data ...
2020-04-29 16:15:40,013 - opfython.models.supervised — INFO — Data has been predicted.
2020-04-29 16:15:40,014 - opfython.models.supervised — INFO — Prediction time: 47.9205687046051 seconds.
2020-04-29 16:15:43,317 - opfython.models.supervised — INFO — Learning the best classifier ...
2020-04-29 16:15:43,318 - opfython.models.supervised — INFO — Running iteration 1/20 ...
2020-04-29 16:15:43,319 - opfython.models.supervised — INFO — Fitting classifier ...
2020-04-29 16:15:43,320 - opfython.models.supervised — DEBUG — Finding prototypes ...
2020-04-29 16:15:43,339 - opfython.models.supervised — DEBUG — Prototypes: [3, 15, 21, 43, 8, 38, 42, 9, 47, 10, 44, 5, 12, 4, 40, 27, 11, 36].
2020-04-29 16:15:43,359 - opfython.models.supervised — INFO — Classifier has been fitted.
2020-04-29 16:15:43,360 - opfython.models.supervised — INFO — Training time: 0.03963804244995117 seconds.
2020-04-29 16:15:43,361 - opfython.models.supervised — INFO — Predicting data ...
2020-04-29 16:15:43,374 - opfython.models.supervised — INFO — Data has been predicted.
2020-04-29 16:15:43,375 - opfython.models.supervised — INFO — Prediction time: 0.01306605339050293 seconds.
2020-04-29 16:15:43,378 - opfython.models.supervised — INFO — Accuracy: 0.95 | Delta: 0.95 | Maximum Accuracy: 0.95
2020-04-29 16:15:43,379 - opfython.models.supervised — INFO — Running iteration 2/20 ...
2020-04-29 16:15:43,379 - opfython.models.supervised — INFO — Fitting classifier ...
2020-04-29 16:15:43,381 - opfython.models.supervised — DEBUG — Finding prototypes ...
2020-04-29 16:15:43,402 - opfython.models.supervised — DEBUG — Prototypes: [3, 15, 21, 43, 35, 22, 41, 5, 12, 8, 38, 42, 9, 47, 10, 44, 4, 40, 27, 11, 36].
2020-04-29 16:15:43,425 - opfython.models.supervised — INFO — Classifier has been fitted.
2020-04-29 16:15:43,426 - opfython.models.supervised — INFO — Training time: 0.04364728927612305 seconds.
2020-04-29 16:15:43,427 - opfython.models.supervised — INFO — Predicting data ...
2020-04-29 16:15:43,440 - opfython.models.supervised — INFO — Data has been predicted.
2020-04-29 16:15:43,441 - opfython.models.supervised — INFO — Prediction time: 0.012532949447631836 seconds.
2020-04-29 16:15:43,443 - opfython.models.supervised — INFO — Accuracy: 1.0 | Delta: 0.050000000000000044 | Maximum Accuracy: 1.0
2020-04-29 16:15:43,445 - opfython.models.supervised — INFO — Running iteration 3/20 ...
2020-04-29 16:15:43,446 - opfython.models.supervised — INFO — Fitting classifier ...
2020-04-29 16:15:43,447 - opfython.models.supervised — DEBUG — Finding prototypes ...
2020-04-29 16:15:43,468 - opfython.models.supervised — DEBUG — Prototypes: [3, 15, 21, 43, 35, 22, 41, 5, 12, 8, 38, 42, 9, 47, 10, 44, 4, 40, 27, 11, 36].
2020-04-29 16:15:43,489 - opfython.models.supervised — INFO — Classifier has been fitted.
2020-04-29 16:15:43,491 - opfython.models.supervised — INFO — Training time: 0.042612314224243164 seconds.
2020-04-29 16:15:43,491 - opfython.models.supervised — INFO — Predicting data ...
2020-04-29 16:15:43,503 - opfython.models.supervised — INFO — Data has been predicted.
2020-04-29 16:15:43,504 - opfython.models.supervised — INFO — Prediction time: 0.011508941650390625 seconds.
2020-04-29 16:15:43,505 - opfython.models.supervised — INFO — Accuracy: 1.0 | Delta: 0.0 | Maximum Accuracy: 1.0
2020-04-29 16:15:43,506 - opfython.models.supervised — INFO — Best classifier has been learned over iteration 2.
2020-04-29 16:15:43,506 - opfython.models.supervised — INFO — Predicting data ...
2020-04-29 16:15:43,524 - opfython.models.supervised — INFO — Data has been predicted.
2020-04-29 16:15:43,525 - opfython.models.supervised — INFO — Prediction time: 0.015541791915893555 seconds.
2020-04-29 16:15:43,526 - opfython.models.supervised — INFO — Predicting data ...
2020-04-29 16:16:22,702 - opfython.models.supervised — INFO — Data has been predicted.
2020-04-29 16:16:22,703 - opfython.models.supervised — INFO — Prediction time: 39.175992012023926 seconds.
2020-04-29 16:16:24,302 - opfython.models.supervised — INFO — Learning the best classifier ...
2020-04-29 16:16:24,303 - opfython.models.supervised — INFO — Running iteration 1/20 ...
2020-04-29 16:16:24,303 - opfython.models.supervised — INFO — Fitting classifier ...
2020-04-29 16:16:24,305 - opfython.models.supervised — DEBUG — Finding prototypes ...
2020-04-29 16:16:24,325 - opfython.models.supervised — DEBUG — Prototypes: [25, 0, 21, 27, 4, 14].
2020-04-29 16:16:24,346 - opfython.models.supervised — INFO — Classifier has been fitted.
2020-04-29 16:16:24,347 - opfython.models.supervised — INFO — Training time: 0.041610002517700195 seconds.
2020-04-29 16:16:24,347 - opfython.models.supervised — INFO — Predicting data ...
2020-04-29 16:16:24,356 - opfython.models.supervised — INFO — Data has been predicted.
2020-04-29 16:16:24,356 - opfython.models.supervised — INFO — Prediction time: 0.008021116256713867 seconds.
2020-04-29 16:16:24,359 - opfython.models.supervised — INFO — Accuracy: 0.9583333333333334 | Delta: 0.9583333333333334 | Maximum Accuracy: 0.9583333333333334
2020-04-29 16:16:24,360 - opfython.models.supervised — INFO — Running iteration 2/20 ...
2020-04-29 16:16:24,361 - opfython.models.supervised — INFO — Fitting classifier ...
2020-04-29 16:16:24,363 - opfython.models.supervised — DEBUG — Finding prototypes ...
2020-04-29 16:16:24,386 - opfython.models.supervised — DEBUG — Prototypes: [18, 0, 1, 21, 27, 4, 14].
2020-04-29 16:16:24,409 - opfython.models.supervised — INFO — Classifier has been fitted.
2020-04-29 16:16:24,410 - opfython.models.supervised — INFO — Training time: 0.04762625694274902 seconds.
2020-04-29 16:16:24,411 - opfython.models.supervised — INFO — Predicting data ...
2020-04-29 16:16:24,419 - opfython.models.supervised — INFO — Data has been predicted.
2020-04-29 16:16:24,420 - opfython.models.supervised — INFO — Prediction time: 0.008021354675292969 seconds.
2020-04-29 16:16:24,421 - opfython.models.supervised — INFO — Accuracy: 0.95 | Delta: 0.008333333333333415 | Maximum Accuracy: 0.9583333333333334
2020-04-29 16:16:24,422 - opfython.models.supervised — INFO — Running iteration 3/20 ...
2020-04-29 16:16:24,423 - opfython.models.supervised — INFO — Fitting classifier ...
2020-04-29 16:16:24,424 - opfython.models.supervised — DEBUG — Finding prototypes ...
2020-04-29 16:16:24,444 - opfython.models.supervised — DEBUG — Prototypes: [18, 0, 23, 1, 21, 27, 4, 14].
2020-04-29 16:16:24,466 - opfython.models.supervised — INFO — Classifier has been fitted.
2020-04-29 16:16:24,467 - opfython.models.supervised — INFO — Training time: 0.04210209846496582 seconds.
2020-04-29 16:16:24,467 - opfython.models.supervised — INFO — Predicting data ...
2020-04-29 16:16:24,479 - opfython.models.supervised — INFO — Data has been predicted.
2020-04-29 16:16:24,480 - opfython.models.supervised — INFO — Prediction time: 0.011048316955566406 seconds.
2020-04-29 16:16:24,481 - opfython.models.supervised — INFO — Accuracy: 0.9583333333333334 | Delta: 0.008333333333333415 | Maximum Accuracy: 0.9583333333333334
2020-04-29 16:16:24,481 - opfython.models.supervised — INFO — Running iteration 4/20 ...
2020-04-29 16:16:24,482 - opfython.models.supervised — INFO — Fitting classifier ...
2020-04-29 16:16:24,483 - opfython.models.supervised — DEBUG — Finding prototypes ...
2020-04-29 16:16:24,504 - opfython.models.supervised — DEBUG — Prototypes: [18, 0, 23, 1, 27, 21, 4, 14, 6].
2020-04-29 16:16:24,525 - opfython.models.supervised — INFO — Classifier has been fitted.
2020-04-29 16:16:24,526 - opfython.models.supervised — INFO — Training time: 0.04261374473571777 seconds.
2020-04-29 16:16:24,526 - opfython.models.supervised — INFO — Predicting data ...
2020-04-29 16:16:24,534 - opfython.models.supervised — INFO — Data has been predicted.
2020-04-29 16:16:24,535 - opfython.models.supervised — INFO — Prediction time: 0.007519960403442383 seconds.
2020-04-29 16:16:24,536 - opfython.models.supervised — INFO — Accuracy: 0.875 | Delta: 0.08333333333333337 | Maximum Accuracy: 0.9583333333333334
2020-04-29 16:16:24,537 - opfython.models.supervised — INFO — Running iteration 5/20 ...
2020-04-29 16:16:24,537 - opfython.models.supervised — INFO — Fitting classifier ...
2020-04-29 16:16:24,538 - opfython.models.supervised — DEBUG — Finding prototypes ...
2020-04-29 16:16:24,558 - opfython.models.supervised — DEBUG — Prototypes: [18, 0, 23, 1, 27, 21, 4, 14, 6].
2020-04-29 16:16:24,577 - opfython.models.supervised — INFO — Classifier has been fitted.
2020-04-29 16:16:24,578 - opfython.models.supervised — INFO — Training time: 0.03910422325134277 seconds.
2020-04-29 16:16:24,579 - opfython.models.supervised — INFO — Predicting data ...
2020-04-29 16:16:24,589 - opfython.models.supervised — INFO — Data has been predicted.
2020-04-29 16:16:24,590 - opfython.models.supervised — INFO — Prediction time: 0.008884191513061523 seconds.
2020-04-29 16:16:24,591 - opfython.models.supervised — INFO — Accuracy: 0.95 | Delta: 0.07499999999999996 | Maximum Accuracy: 0.9583333333333334
2020-04-29 16:16:24,592 - opfython.models.supervised — INFO — Running iteration 6/20 ...
2020-04-29 16:16:24,592 - opfython.models.supervised — INFO — Fitting classifier ...
2020-04-29 16:16:24,593 - opfython.models.supervised — DEBUG — Finding prototypes ...
2020-04-29 16:16:24,612 - opfython.models.supervised — DEBUG — Prototypes: [10, 0, 23, 1, 27, 21, 4, 14, 6].
2020-04-29 16:16:24,634 - opfython.models.supervised — INFO — Classifier has been fitted.
2020-04-29 16:16:24,635 - opfython.models.supervised — INFO — Training time: 0.040609121322631836 seconds.
2020-04-29 16:16:24,636 - opfython.models.supervised — INFO — Predicting data ...
2020-04-29 16:16:24,649 - opfython.models.supervised — INFO — Data has been predicted.
2020-04-29 16:16:24,650 - opfython.models.supervised — INFO — Prediction time: 0.012372016906738281 seconds.
2020-04-29 16:16:24,651 - opfython.models.supervised — INFO — Accuracy: 0.95 | Delta: 0.0 | Maximum Accuracy: 0.9583333333333334
2020-04-29 16:16:24,652 - opfython.models.supervised — INFO — Best classifier has been learned over iteration 1.
2020-04-29 16:16:24,652 - opfython.models.supervised — INFO — Predicting data ...
2020-04-29 16:16:24,671 - opfython.models.supervised — INFO — Data has been predicted.
2020-04-29 16:16:24,671 - opfython.models.supervised — INFO — Prediction time: 0.018049240112304688 seconds.
2020-04-29 16:16:24,673 - opfython.models.supervised — INFO — Predicting data ...
2020-04-29 16:17:05,518 - opfython.models.supervised — INFO — Data has been predicted.
2020-04-29 16:17:05,519 - opfython.models.supervised — INFO — Prediction time: 40.84534740447998 seconds.
2020-04-29 16:17:07,061 - opfython.models.supervised — INFO — Learning the best classifier ...
2020-04-29 16:17:07,063 - opfython.models.supervised — INFO — Running iteration 1/20 ...
2020-04-29 16:17:07,064 - opfython.models.supervised — INFO — Fitting classifier ...
2020-04-29 16:17:07,065 - opfython.models.supervised — DEBUG — Finding prototypes ...
2020-04-29 16:17:07,085 - opfython.models.supervised — DEBUG — Prototypes: [5, 7, 15, 27, 13, 4, 17, 2, 34, 9, 48, 42, 33, 35, 30, 21, 28, 26, 40, 44, 31, 41, 36, 43, 14, 46].
2020-04-29 16:17:07,104 - opfython.models.supervised — INFO — Classifier has been fitted.
2020-04-29 16:17:07,105 - opfython.models.supervised — INFO — Training time: 0.03960442543029785 seconds.
2020-04-29 16:17:07,106 - opfython.models.supervised — INFO — Predicting data ...
2020-04-29 16:17:07,123 - opfython.models.supervised — INFO — Data has been predicted.
2020-04-29 16:17:07,125 - opfython.models.supervised — INFO — Prediction time: 0.016546010971069336 seconds.
2020-04-29 16:17:07,128 - opfython.models.supervised — INFO — Accuracy: 0.7857142857142857 | Delta: 0.7857142857142857 | Maximum Accuracy: 0.7857142857142857
2020-04-29 16:17:07,129 - opfython.models.supervised — INFO — Running iteration 2/20 ...
2020-04-29 16:17:07,130 - opfython.models.supervised — INFO — Fitting classifier ...
2020-04-29 16:17:07,131 - opfython.models.supervised — DEBUG — Finding prototypes ...
2020-04-29 16:17:07,149 - opfython.models.supervised — DEBUG — Prototypes: [5, 7, 45, 1, 15, 27, 13, 4, 20, 10, 17, 2, 34, 9, 48, 42, 12, 35, 21, 28, 11, 26, 40, 18, 39, 44, 31, 41, 36, 43, 14, 24, 3, 46].
2020-04-29 16:17:07,162 - opfython.models.supervised — INFO — Classifier has been fitted.
2020-04-29 16:17:07,163 - opfython.models.supervised — INFO — Training time: 0.031563520431518555 seconds.
2020-04-29 16:17:07,164 - opfython.models.supervised — INFO — Predicting data ...
2020-04-29 16:17:07,184 - opfython.models.supervised — INFO — Data has been predicted.
2020-04-29 16:17:07,185 - opfython.models.supervised — INFO — Prediction time: 0.018548965454101562 seconds.
2020-04-29 16:17:07,190 - opfython.models.supervised — INFO — Accuracy: 0.8181818181818181 | Delta: 0.03246753246753242 | Maximum Accuracy: 0.8181818181818181
2020-04-29 16:17:07,191 - opfython.models.supervised — INFO — Running iteration 3/20 ...
2020-04-29 16:17:07,192 - opfython.models.supervised — INFO — Fitting classifier ...
2020-04-29 16:17:07,194 - opfython.models.supervised — DEBUG — Finding prototypes ...
2020-04-29 16:17:07,226 - opfython.models.supervised — DEBUG — Prototypes: [5, 7, 45, 6, 15, 27, 13, 4, 20, 8, 17, 2, 34, 9, 48, 42, 12, 35, 37, 21, 28, 11, 32, 26, 40, 18, 39, 44, 31, 41, 36, 24, 3, 14, 43, 46].
2020-04-29 16:17:07,239 - opfython.models.supervised — INFO — Classifier has been fitted.
2020-04-29 16:17:07,241 - opfython.models.supervised — INFO — Training time: 0.0467677116394043 seconds.
2020-04-29 16:17:07,242 - opfython.models.supervised — INFO — Predicting data ...
2020-04-29 16:17:07,259 - opfython.models.supervised — INFO — Data has been predicted.
2020-04-29 16:17:07,261 - opfython.models.supervised — INFO — Prediction time: 0.01652812957763672 seconds.
2020-04-29 16:17:07,262 - opfython.models.supervised — INFO — Accuracy: 0.75 | Delta: 0.06818181818181812 | Maximum Accuracy: 0.8181818181818181
2020-04-29 16:17:07,263 - opfython.models.supervised — INFO — Running iteration 4/20 ...
2020-04-29 16:17:07,264 - opfython.models.supervised — INFO — Fitting classifier ...
2020-04-29 16:17:07,266 - opfython.models.supervised — DEBUG — Finding prototypes ...
2020-04-29 16:17:07,296 - opfython.models.supervised — DEBUG — Prototypes: [20, 8, 45, 0, 6, 5, 7, 15, 27, 13, 4, 29, 46, 14, 43, 3, 24, 36, 41, 31, 44, 39, 18, 40, 26, 11, 23, 32, 21, 28, 22, 12, 35, 30, 37, 48, 42, 9, 34].
2020-04-29 16:17:07,309 - opfython.models.supervised — INFO — Classifier has been fitted.
2020-04-29 16:17:07,310 - opfython.models.supervised — INFO — Training time: 0.043616294860839844 seconds.
2020-04-29 16:17:07,311 - opfython.models.supervised — INFO — Predicting data ...
2020-04-29 16:17:07,329 - opfython.models.supervised — INFO — Data has been predicted.
2020-04-29 16:17:07,329 - opfython.models.supervised — INFO — Prediction time: 0.016666889190673828 seconds.
2020-04-29 16:17:07,330 - opfython.models.supervised — INFO — Accuracy: 0.7980769230769231 | Delta: 0.04807692307692313 | Maximum Accuracy: 0.8181818181818181
2020-04-29 16:17:07,331 - opfython.models.supervised — INFO — Running iteration 5/20 ...
2020-04-29 16:17:07,332 - opfython.models.supervised — INFO — Fitting classifier ...
2020-04-29 16:17:07,333 - opfython.models.supervised — DEBUG — Finding prototypes ...
2020-04-29 16:17:07,355 - opfython.models.supervised — DEBUG — Prototypes: [20, 8, 45, 0, 6, 5, 7, 15, 27, 13, 4, 29, 10, 14, 46, 43, 24, 3, 36, 41, 31, 44, 39, 18, 40, 26, 11, 23, 32, 21, 28, 22, 12, 35, 30, 37, 48, 42, 9, 34].
2020-04-29 16:17:07,363 - opfython.models.supervised — INFO — Classifier has been fitted.
2020-04-29 16:17:07,364 - opfython.models.supervised — INFO — Training time: 0.03058147430419922 seconds.
2020-04-29 16:17:07,365 - opfython.models.supervised — INFO — Predicting data ...
2020-04-29 16:17:07,380 - opfython.models.supervised — INFO — Data has been predicted.
2020-04-29 16:17:07,381 - opfython.models.supervised — INFO — Prediction time: 0.014538049697875977 seconds.
2020-04-29 16:17:07,383 - opfython.models.supervised — INFO — Accuracy: 0.8605769230769231 | Delta: 0.0625 | Maximum Accuracy: 0.8605769230769231
2020-04-29 16:17:07,384 - opfython.models.supervised — INFO — Running iteration 6/20 ...
2020-04-29 16:17:07,385 - opfython.models.supervised — INFO — Fitting classifier ...
2020-04-29 16:17:07,386 - opfython.models.supervised — DEBUG — Finding prototypes ...
2020-04-29 16:17:07,408 - opfython.models.supervised — DEBUG — Prototypes: [20, 8, 45, 6, 5, 7, 15, 27, 13, 4, 16, 10, 29, 14, 46, 43, 24, 3, 36, 41, 31, 44, 39, 18, 40, 26, 11, 23, 32, 21, 28, 22, 1, 35, 30, 37, 48, 42, 9, 34].
2020-04-29 16:17:07,416 - opfython.models.supervised — INFO — Classifier has been fitted.
2020-04-29 16:17:07,417 - opfython.models.supervised — INFO — Training time: 0.030527353286743164 seconds.
2020-04-29 16:17:07,417 - opfython.models.supervised — INFO — Predicting data ...
2020-04-29 16:17:07,434 - opfython.models.supervised — INFO — Data has been predicted.
2020-04-29 16:17:07,435 - opfython.models.supervised — INFO — Prediction time: 0.015475273132324219 seconds.
2020-04-29 16:17:07,437 - opfython.models.supervised — INFO — Accuracy: 0.8 | Delta: 0.060576923076923084 | Maximum Accuracy: 0.8605769230769231
2020-04-29 16:17:07,438 - opfython.models.supervised — INFO — Running iteration 7/20 ...
2020-04-29 16:17:07,439 - opfython.models.supervised — INFO — Fitting classifier ...
2020-04-29 16:17:07,440 - opfython.models.supervised — DEBUG — Finding prototypes ...
2020-04-29 16:17:07,464 - opfython.models.supervised — DEBUG — Prototypes: [20, 8, 45, 0, 6, 7, 5, 15, 27, 13, 4, 16, 10, 29, 14, 46, 43, 24, 3, 36, 41, 31, 44, 39, 18, 40, 26, 11, 23, 32, 21, 28, 22, 1, 35, 19, 30, 37, 48, 42, 9, 34].
2020-04-29 16:17:07,472 - opfython.models.supervised — INFO — Classifier has been fitted.
2020-04-29 16:17:07,473 - opfython.models.supervised — INFO — Training time: 0.03308916091918945 seconds.
2020-04-29 16:17:07,474 - opfython.models.supervised — INFO — Predicting data ...
2020-04-29 16:17:07,490 - opfython.models.supervised — INFO — Data has been predicted.
2020-04-29 16:17:07,490 - opfython.models.supervised — INFO — Prediction time: 0.015524148941040039 seconds.
2020-04-29 16:17:07,491 - opfython.models.supervised — INFO — Accuracy: 0.7836538461538461 | Delta: 0.0163461538461539 | Maximum Accuracy: 0.8605769230769231
2020-04-29 16:17:07,492 - opfython.models.supervised — INFO — Running iteration 8/20 ...
2020-04-29 16:17:07,492 - opfython.models.supervised — INFO — Fitting classifier ...
2020-04-29 16:17:07,493 - opfython.models.supervised — DEBUG — Finding prototypes ...
2020-04-29 16:17:07,512 - opfython.models.supervised — DEBUG — Prototypes: [17, 0, 20, 8, 45, 6, 7, 5, 15, 27, 13, 4, 16, 10, 29, 14, 46, 43, 24, 3, 36, 41, 31, 44, 39, 18, 40, 26, 11, 23, 32, 21, 28, 22, 1, 35, 30, 37, 33, 19, 48, 42, 9, 34].
2020-04-29 16:17:07,517 - opfython.models.supervised — INFO — Classifier has been fitted.
2020-04-29 16:17:07,518 - opfython.models.supervised — INFO — Training time: 0.024063587188720703 seconds.
2020-04-29 16:17:07,518 - opfython.models.supervised — INFO — Predicting data ...
2020-04-29 16:17:07,533 - opfython.models.supervised — INFO — Data has been predicted.
2020-04-29 16:17:07,534 - opfython.models.supervised — INFO — Prediction time: 0.013566255569458008 seconds.
2020-04-29 16:17:07,537 - opfython.models.supervised — INFO — Accuracy: 0.9166666666666666 | Delta: 0.13301282051282048 | Maximum Accuracy: 0.9166666666666666
2020-04-29 16:17:07,538 - opfython.models.supervised — INFO — Running iteration 9/20 ...
2020-04-29 16:17:07,538 - opfython.models.supervised — INFO — Fitting classifier ...
2020-04-29 16:17:07,540 - opfython.models.supervised — DEBUG — Finding prototypes ...
2020-04-29 16:17:07,562 - opfython.models.supervised — DEBUG — Prototypes: [17, 0, 20, 8, 45, 6, 38, 7, 5, 15, 27, 13, 4, 16, 10, 29, 14, 46, 43, 24, 3, 36, 41, 31, 44, 39, 18, 40, 26, 11, 23, 32, 21, 28, 22, 1, 35, 30, 37, 33, 19, 34, 9, 48, 42].
2020-04-29 16:17:07,568 - opfython.models.supervised — INFO — Classifier has been fitted.
2020-04-29 16:17:07,569 - opfython.models.supervised — INFO — Training time: 0.028576135635375977 seconds.
2020-04-29 16:17:07,570 - opfython.models.supervised — INFO — Predicting data ...
2020-04-29 16:17:07,585 - opfython.models.supervised — INFO — Data has been predicted.
2020-04-29 16:17:07,586 - opfython.models.supervised — INFO — Prediction time: 0.014537811279296875 seconds.
2020-04-29 16:17:07,588 - opfython.models.supervised — INFO — Accuracy: 0.9045454545454545 | Delta: 0.012121212121212088 | Maximum Accuracy: 0.9166666666666666
2020-04-29 16:17:07,589 - opfython.models.supervised — INFO — Running iteration 10/20 ...
2020-04-29 16:17:07,590 - opfython.models.supervised — INFO — Fitting classifier ...
2020-04-29 16:17:07,591 - opfython.models.supervised — DEBUG — Finding prototypes ...
2020-04-29 16:17:07,614 - opfython.models.supervised — DEBUG — Prototypes: [17, 0, 20, 8, 45, 6, 38, 7, 5, 15, 27, 13, 4, 16, 10, 29, 14, 46, 43, 24, 3, 36, 41, 31, 44, 39, 18, 40, 26, 11, 23, 32, 21, 28, 22, 1, 35, 30, 37, 33, 19, 34, 9, 48, 42].
2020-04-29 16:17:07,618 - opfython.models.supervised — INFO — Classifier has been fitted.
2020-04-29 16:17:07,619 - opfython.models.supervised — INFO — Training time: 0.02810502052307129 seconds.
2020-04-29 16:17:07,620 - opfython.models.supervised — INFO — Predicting data ...
2020-04-29 16:17:07,638 - opfython.models.supervised — INFO — Data has been predicted.
2020-04-29 16:17:07,639 - opfython.models.supervised — INFO — Prediction time: 0.017045021057128906 seconds.
2020-04-29 16:17:07,640 - opfython.models.supervised — INFO — Accuracy: 0.9045454545454545 | Delta: 0.0 | Maximum Accuracy: 0.9166666666666666
2020-04-29 16:17:07,641 - opfython.models.supervised — INFO — Best classifier has been learned over iteration 8.
2020-04-29 16:17:07,642 - opfython.models.supervised — INFO — Predicting data ...
2020-04-29 16:17:07,672 - opfython.models.supervised — INFO — Data has been predicted.
2020-04-29 16:17:07,673 - opfython.models.supervised — INFO — Prediction time: 0.02957749366760254 seconds.
2020-04-29 16:17:07,674 - opfython.models.supervised — INFO — Predicting data ...
2020-04-29 16:17:43,816 - opfython.models.supervised — INFO — Data has been predicted.
2020-04-29 16:17:43,817 - opfython.models.supervised — INFO — Prediction time: 36.14090299606323 seconds.
2020-04-29 16:17:45,146 - opfython.models.supervised — INFO — Learning the best classifier ...
2020-04-29 16:17:45,146 - opfython.models.supervised — INFO — Running iteration 1/20 ...
2020-04-29 16:17:45,147 - opfython.models.supervised — INFO — Fitting classifier ...
2020-04-29 16:17:45,148 - opfython.models.supervised — DEBUG — Finding prototypes ...
2020-04-29 16:17:45,171 - opfython.models.supervised — DEBUG — Prototypes: [30, 17, 2, 23, 11, 27, 20, 42, 9].
2020-04-29 16:17:45,195 - opfython.models.supervised — INFO — Classifier has been fitted.
2020-04-29 16:17:45,196 - opfython.models.supervised — INFO — Training time: 0.04712724685668945 seconds.
2020-04-29 16:17:45,197 - opfython.models.supervised — INFO — Predicting data ...
2020-04-29 16:17:45,211 - opfython.models.supervised — INFO — Data has been predicted.
2020-04-29 16:17:45,211 - opfython.models.supervised — INFO — Prediction time: 0.013068437576293945 seconds.
2020-04-29 16:17:45,216 - opfython.models.supervised — INFO — Accuracy: 0.7980769230769231 | Delta: 0.7980769230769231 | Maximum Accuracy: 0.7980769230769231
2020-04-29 16:17:45,217 - opfython.models.supervised — INFO — Running iteration 2/20 ...
2020-04-29 16:17:45,218 - opfython.models.supervised — INFO — Fitting classifier ...
2020-04-29 16:17:45,219 - opfython.models.supervised — DEBUG — Finding prototypes ...
2020-04-29 16:17:45,241 - opfython.models.supervised — DEBUG — Prototypes: [30, 5, 2, 11, 23, 27, 15, 32, 16, 17, 6, 42, 9].
2020-04-29 16:17:45,263 - opfython.models.supervised — INFO — Classifier has been fitted.
2020-04-29 16:17:45,265 - opfython.models.supervised — INFO — Training time: 0.04458332061767578 seconds.
2020-04-29 16:17:45,267 - opfython.models.supervised — INFO — Predicting data ...
2020-04-29 16:17:45,277 - opfython.models.supervised — INFO — Data has been predicted.
2020-04-29 16:17:45,278 - opfython.models.supervised — INFO — Prediction time: 0.009022712707519531 seconds.
2020-04-29 16:17:45,280 - opfython.models.supervised — INFO — Accuracy: 0.7980769230769231 | Delta: 0.0 | Maximum Accuracy: 0.7980769230769231
2020-04-29 16:17:45,281 - opfython.models.supervised — INFO — Best classifier has been learned over iteration 1.
2020-04-29 16:17:45,282 - opfython.models.supervised — INFO — Predicting data ...
2020-04-29 16:17:45,299 - opfython.models.supervised — INFO — Data has been predicted.
2020-04-29 16:17:45,301 - opfython.models.supervised — INFO — Prediction time: 0.016541719436645508 seconds.
2020-04-29 16:17:45,302 - opfython.models.supervised — INFO — Predicting data ...
2020-04-29 16:18:41,067 - opfython.models.supervised — INFO — Data has been predicted.
2020-04-29 16:18:41,068 - opfython.models.supervised — INFO — Prediction time: 55.76404905319214 seconds.
2020-04-29 16:18:43,113 - opfython.models.supervised — INFO — Learning the best classifier ...
2020-04-29 16:18:43,115 - opfython.models.supervised — INFO — Running iteration 1/20 ...
2020-04-29 16:18:43,116 - opfython.models.supervised — INFO — Fitting classifier ...
2020-04-29 16:18:43,119 - opfython.models.supervised — DEBUG — Finding prototypes ...
2020-04-29 16:18:43,588 - opfython.models.supervised — DEBUG — Prototypes: [47, 0, 67, 73, 162, 227, 145, 236, 95, 202, 79, 122, 82, 51, 8, 150, 141, 233, 31, 43, 107, 14, 154, 235, 24, 83, 190, 71, 131, 2, 218, 40, 109, 197, 11, 184, 239, 49, 134, 241, 183, 170, 114, 33, 25, 166, 15, 48, 225, 158, 88, 101, 96, 209, 1, 135, 77, 137, 59, 19, 172, 84, 123, 55, 140, 152, 50, 121, 196, 148, 104, 76, 61, 169, 56, 53, 211, 20, 17, 189, 74, 168, 116, 110, 217, 117, 210, 70, 81, 64, 85, 3, 171].
2020-04-29 16:18:44,028 - opfython.models.supervised — INFO — Classifier has been fitted.
2020-04-29 16:18:44,029 - opfython.models.supervised — INFO — Training time: 0.9120662212371826 seconds.
2020-04-29 16:18:44,030 - opfython.models.supervised — INFO — Predicting data ...
2020-04-29 16:18:44,377 - opfython.models.supervised — INFO — Data has been predicted.
2020-04-29 16:18:44,378 - opfython.models.supervised — INFO — Prediction time: 0.3469240665435791 seconds.
2020-04-29 16:18:44,393 - opfython.models.supervised — INFO — Accuracy: 0.75 | Delta: 0.75 | Maximum Accuracy: 0.75
2020-04-29 16:18:44,394 - opfython.models.supervised — INFO — Running iteration 2/20 ...
2020-04-29 16:18:44,395 - opfython.models.supervised — INFO — Fitting classifier ...
2020-04-29 16:18:44,397 - opfython.models.supervised — DEBUG — Finding prototypes ...
2020-04-29 16:18:44,872 - opfython.models.supervised — DEBUG — Prototypes: [47, 0, 67, 73, 162, 227, 145, 164, 95, 202, 72, 80, 102, 41, 79, 195, 204, 51, 82, 8, 150, 141, 233, 78, 214, 75, 31, 43, 12, 107, 14, 90, 93, 235, 200, 71, 2, 218, 131, 40, 109, 197, 24, 11, 184, 60, 239, 49, 134, 241, 89, 230, 30, 183, 170, 128, 33, 25, 166, 15, 48, 225, 88, 203, 158, 101, 231, 167, 69, 39, 1, 238, 77, 137, 59, 84, 187, 55, 180, 140, 152, 123, 50, 121, 196, 148, 104, 76, 65, 199, 169, 61, 56, 53, 211, 119, 20, 17, 116, 110, 217, 117, 189, 74, 168, 19, 172, 210, 91, 81, 44, 85, 3, 171].
2020-04-29 16:18:45,315 - opfython.models.supervised — INFO — Classifier has been fitted.
2020-04-29 16:18:45,316 - opfython.models.supervised — INFO — Training time: 0.9191491603851318 seconds.
2020-04-29 16:18:45,316 - opfython.models.supervised — INFO — Predicting data ...
2020-04-29 16:18:45,611 - opfython.models.supervised — INFO — Data has been predicted.
2020-04-29 16:18:45,624 - opfython.models.supervised — INFO — Prediction time: 0.29327821731567383 seconds.
2020-04-29 16:18:45,639 - opfython.models.supervised — INFO — Accuracy: 0.8393246187363834 | Delta: 0.08932461873638342 | Maximum Accuracy: 0.8393246187363834
2020-04-29 16:18:45,646 - opfython.models.supervised — INFO — Running iteration 3/20 ...
2020-04-29 16:18:45,648 - opfython.models.supervised — INFO — Fitting classifier ...
2020-04-29 16:18:45,653 - opfython.models.supervised — DEBUG — Finding prototypes ...
2020-04-29 16:18:46,104 - opfython.models.supervised — DEBUG — Prototypes: [47, 0, 67, 73, 162, 227, 70, 236, 164, 95, 145, 72, 5, 208, 202, 80, 102, 41, 192, 79, 195, 204, 51, 182, 82, 71, 2, 218, 131, 60, 173, 8, 150, 141, 233, 78, 40, 109, 197, 214, 75, 31, 43, 12, 209, 107, 14, 90, 27, 93, 235, 24, 11, 184, 239, 49, 134, 241, 89, 230, 30, 183, 170, 128, 178, 33, 25, 166, 15, 48, 225, 88, 203, 158, 101, 231, 167, 118, 32, 69, 174, 144, 39, 1, 238, 77, 137, 59, 84, 187, 186, 180, 55, 140, 152, 123, 116, 110, 217, 117, 196, 17, 121, 50, 100, 148, 104, 76, 65, 199, 169, 61, 56, 53, 211, 119, 20, 189, 74, 168, 19, 172, 210, 91, 142, 44, 81, 85, 3, 171].
2020-04-29 16:18:46,542 - opfython.models.supervised — INFO — Classifier has been fitted.
2020-04-29 16:18:46,587 - opfython.models.supervised — INFO — Training time: 0.8916778564453125 seconds.
2020-04-29 16:18:46,596 - opfython.models.supervised — INFO — Predicting data ...
2020-04-29 16:18:46,939 - opfython.models.supervised — INFO — Data has been predicted.
2020-04-29 16:18:46,975 - opfython.models.supervised — INFO — Prediction time: 0.33883070945739746 seconds.
2020-04-29 16:18:46,985 - opfython.models.supervised — INFO — Accuracy: 0.9030501089324618 | Delta: 0.06372549019607843 | Maximum Accuracy: 0.9030501089324618
2020-04-29 16:18:46,986 - opfython.models.supervised — INFO — Running iteration 4/20 ...
2020-04-29 16:18:46,996 - opfython.models.supervised — INFO — Fitting classifier ...
2020-04-29 16:18:47,006 - opfython.models.supervised — DEBUG — Finding prototypes ...
2020-04-29 16:18:47,464 - opfython.models.supervised — DEBUG — Prototypes: [47, 0, 67, 73, 162, 227, 70, 236, 164, 95, 145, 72, 5, 124, 208, 202, 80, 79, 195, 102, 41, 192, 204, 51, 182, 82, 71, 2, 218, 131, 60, 173, 8, 150, 141, 233, 78, 40, 109, 197, 214, 75, 31, 43, 12, 209, 107, 14, 90, 27, 18, 93, 235, 24, 11, 184, 207, 239, 49, 134, 241, 89, 230, 30, 183, 170, 128, 112, 114, 33, 25, 166, 15, 48, 225, 88, 203, 158, 101, 231, 167, 118, 32, 69, 185, 144, 39, 1, 238, 77, 137, 59, 84, 187, 176, 180, 140, 152, 123, 116, 110, 217, 117, 196, 17, 121, 50, 100, 234, 148, 104, 76, 65, 199, 169, 61, 56, 53, 211, 119, 20, 189, 74, 168, 19, 172, 210, 91, 142, 44, 81, 85, 3, 171].
2020-04-29 16:18:47,801 - opfython.models.supervised — INFO — Classifier has been fitted.
2020-04-29 16:18:47,802 - opfython.models.supervised — INFO — Training time: 0.7978708744049072 seconds.
2020-04-29 16:18:47,803 - opfython.models.supervised — INFO — Predicting data ...
2020-04-29 16:18:48,067 - opfython.models.supervised — INFO — Data has been predicted.
2020-04-29 16:18:48,068 - opfython.models.supervised — INFO — Prediction time: 0.26323366165161133 seconds.
2020-04-29 16:18:48,077 - opfython.models.supervised — INFO — Accuracy: 0.9250184229918939 | Delta: 0.021968314059432004 | Maximum Accuracy: 0.9250184229918939
2020-04-29 16:18:48,078 - opfython.models.supervised — INFO — Running iteration 5/20 ...
2020-04-29 16:18:48,078 - opfython.models.supervised — INFO — Fitting classifier ...
2020-04-29 16:18:48,081 - opfython.models.supervised — DEBUG — Finding prototypes ...
2020-04-29 16:18:48,470 - opfython.models.supervised — DEBUG — Prototypes: [47, 0, 67, 73, 162, 227, 70, 236, 164, 95, 145, 72, 5, 124, 208, 202, 80, 79, 195, 41, 102, 192, 204, 51, 182, 82, 71, 2, 218, 131, 60, 173, 8, 150, 141, 233, 78, 40, 109, 197, 214, 75, 31, 43, 12, 209, 107, 14, 90, 27, 18, 57, 93, 235, 24, 11, 184, 207, 239, 49, 134, 241, 89, 230, 30, 183, 170, 46, 112, 178, 33, 25, 166, 15, 48, 225, 88, 203, 158, 101, 231, 167, 118, 32, 127, 185, 69, 144, 1, 238, 77, 137, 59, 84, 187, 176, 188, 180, 123, 116, 110, 217, 117, 140, 196, 17, 121, 50, 100, 234, 148, 104, 76, 65, 199, 169, 61, 56, 53, 211, 119, 20, 189, 74, 168, 19, 172, 210, 91, 142, 44, 81, 85, 3, 171].
2020-04-29 16:18:48,815 - opfython.models.supervised — INFO — Classifier has been fitted.
2020-04-29 16:18:48,816 - opfython.models.supervised — INFO — Training time: 0.7360813617706299 seconds.
2020-04-29 16:18:48,817 - opfython.models.supervised — INFO — Predicting data ...
2020-04-29 16:18:49,088 - opfython.models.supervised — INFO — Data has been predicted.
2020-04-29 16:18:49,089 - opfython.models.supervised — INFO — Prediction time: 0.2712719440460205 seconds.
2020-04-29 16:18:49,099 - opfython.models.supervised — INFO — Accuracy: 0.9611111111111111 | Delta: 0.03609268811921729 | Maximum Accuracy: 0.9611111111111111
2020-04-29 16:18:49,100 - opfython.models.supervised — INFO — Running iteration 6/20 ...
2020-04-29 16:18:49,101 - opfython.models.supervised — INFO — Fitting classifier ...
2020-04-29 16:18:49,103 - opfython.models.supervised — DEBUG — Finding prototypes ...
2020-04-29 16:18:49,485 - opfython.models.supervised — DEBUG — Prototypes: [47, 0, 67, 73, 162, 227, 70, 236, 164, 95, 145, 72, 5, 124, 208, 202, 80, 79, 195, 102, 37, 237, 204, 51, 182, 82, 71, 2, 218, 131, 60, 173, 8, 150, 141, 233, 78, 40, 109, 197, 214, 75, 31, 43, 12, 209, 107, 14, 90, 27, 18, 57, 93, 235, 24, 11, 184, 239, 49, 134, 241, 89, 230, 30, 183, 170, 46, 112, 178, 33, 25, 166, 15, 48, 225, 88, 203, 158, 101, 231, 167, 118, 32, 127, 185, 69, 144, 39, 1, 238, 77, 137, 59, 84, 187, 176, 188, 180, 26, 140, 123, 196, 17, 121, 50, 100, 234, 148, 104, 76, 65, 199, 169, 61, 56, 53, 211, 119, 20, 116, 110, 217, 189, 74, 168, 19, 172, 210, 91, 142, 44, 81, 85, 3, 171].
2020-04-29 16:18:49,856 - opfython.models.supervised — INFO — Classifier has been fitted.
2020-04-29 16:18:49,857 - opfython.models.supervised — INFO — Training time: 0.7545650005340576 seconds.
2020-04-29 16:18:49,857 - opfython.models.supervised — INFO — Predicting data ...
2020-04-29 16:18:50,126 - opfython.models.supervised — INFO — Data has been predicted.
2020-04-29 16:18:50,127 - opfython.models.supervised — INFO — Prediction time: 0.267824649810791 seconds.
2020-04-29 16:18:50,129 - opfython.models.supervised — INFO — Accuracy: 0.9583333333333334 | Delta: 0.002777777777777768 | Maximum Accuracy: 0.9611111111111111
2020-04-29 16:18:50,129 - opfython.models.supervised — INFO — Running iteration 7/20 ...
2020-04-29 16:18:50,130 - opfython.models.supervised — INFO — Fitting classifier ...
2020-04-29 16:18:50,133 - opfython.models.supervised — DEBUG — Finding prototypes ...
2020-04-29 16:18:50,564 - opfython.models.supervised — DEBUG — Prototypes: [47, 0, 67, 102, 37, 237, 73, 162, 227, 70, 236, 164, 95, 145, 72, 5, 124, 208, 202, 80, 79, 195, 204, 51, 182, 82, 71, 2, 218, 131, 60, 173, 8, 150, 141, 233, 78, 40, 109, 197, 24, 11, 184, 214, 99, 75, 31, 43, 12, 209, 107, 14, 90, 27, 18, 57, 93, 235, 239, 49, 134, 241, 89, 230, 30, 183, 170, 46, 112, 178, 33, 25, 166, 15, 48, 225, 88, 203, 158, 101, 231, 167, 118, 32, 127, 185, 69, 144, 1, 238, 77, 137, 59, 84, 187, 176, 188, 180, 26, 140, 123, 196, 17, 121, 50, 100, 63, 157, 148, 104, 76, 65, 199, 169, 61, 56, 53, 211, 119, 20, 116, 110, 217, 189, 74, 168, 19, 172, 210, 91, 142, 44, 81, 85, 3, 171].
2020-04-29 16:18:50,886 - opfython.models.supervised — INFO — Classifier has been fitted.
2020-04-29 16:18:50,887 - opfython.models.supervised — INFO — Training time: 0.7553884983062744 seconds.
2020-04-29 16:18:50,888 - opfython.models.supervised — INFO — Predicting data ...
2020-04-29 16:18:51,154 - opfython.models.supervised — INFO — Data has been predicted.
2020-04-29 16:18:51,156 - opfython.models.supervised — INFO — Prediction time: 0.2647528648376465 seconds.
2020-04-29 16:18:51,166 - opfython.models.supervised — INFO — Accuracy: 0.9736842105263158 | Delta: 0.015350877192982448 | Maximum Accuracy: 0.9736842105263158
2020-04-29 16:18:51,167 - opfython.models.supervised — INFO — Running iteration 8/20 ...
2020-04-29 16:18:51,168 - opfython.models.supervised — INFO — Fitting classifier ...
2020-04-29 16:18:51,170 - opfython.models.supervised — DEBUG — Finding prototypes ...
2020-04-29 16:18:51,579 - opfython.models.supervised — DEBUG — Prototypes: [47, 0, 67, 102, 37, 237, 73, 162, 227, 70, 236, 164, 95, 145, 72, 5, 124, 208, 202, 80, 79, 195, 204, 51, 182, 82, 71, 2, 218, 131, 60, 173, 8, 150, 141, 233, 78, 40, 109, 197, 24, 11, 184, 214, 99, 75, 31, 43, 12, 209, 107, 14, 90, 27, 18, 57, 93, 235, 239, 49, 134, 241, 89, 230, 30, 183, 170, 46, 112, 178, 33, 25, 166, 15, 48, 225, 88, 203, 158, 101, 231, 167, 118, 32, 127, 185, 69, 144, 1, 238, 77, 137, 59, 84, 187, 176, 188, 180, 26, 140, 123, 196, 17, 121, 50, 100, 63, 157, 148, 104, 76, 65, 199, 169, 61, 56, 53, 211, 119, 20, 116, 110, 217, 189, 74, 168, 19, 172, 210, 91, 142, 44, 81, 85, 3, 171].
2020-04-29 16:18:51,916 - opfython.models.supervised — INFO — Classifier has been fitted.
2020-04-29 16:18:51,917 - opfython.models.supervised — INFO — Training time: 0.7481598854064941 seconds.
2020-04-29 16:18:51,918 - opfython.models.supervised — INFO — Predicting data ...
2020-04-29 16:18:52,187 - opfython.models.supervised — INFO — Data has been predicted.
2020-04-29 16:18:52,189 - opfython.models.supervised — INFO — Prediction time: 0.2687723636627197 seconds.
2020-04-29 16:18:52,203 - opfython.models.supervised — INFO — Accuracy: 1.0 | Delta: 0.02631578947368418 | Maximum Accuracy: 1.0
2020-04-29 16:18:52,204 - opfython.models.supervised — INFO — Running iteration 9/20 ...
2020-04-29 16:18:52,205 - opfython.models.supervised — INFO — Fitting classifier ...
2020-04-29 16:18:52,208 - opfython.models.supervised — DEBUG — Finding prototypes ...
2020-04-29 16:18:52,605 - opfython.models.supervised — DEBUG — Prototypes: [47, 0, 67, 102, 37, 237, 73, 162, 227, 70, 236, 164, 95, 145, 72, 5, 124, 208, 202, 80, 79, 195, 204, 51, 182, 82, 71, 2, 218, 131, 60, 173, 8, 150, 141, 233, 78, 40, 109, 197, 24, 11, 184, 214, 99, 75, 31, 43, 12, 209, 107, 14, 90, 27, 18, 57, 93, 235, 239, 49, 134, 241, 89, 230, 30, 183, 170, 46, 112, 178, 33, 25, 166, 15, 48, 225, 88, 203, 158, 101, 231, 167, 118, 32, 127, 185, 69, 144, 1, 238, 77, 137, 59, 84, 187, 176, 188, 180, 26, 140, 123, 196, 17, 121, 50, 100, 63, 157, 148, 104, 76, 65, 199, 169, 61, 56, 53, 211, 119, 20, 116, 110, 217, 189, 74, 168, 19, 172, 210, 91, 142, 44, 81, 85, 3, 171].
2020-04-29 16:18:52,930 - opfython.models.supervised — INFO — Classifier has been fitted.
2020-04-29 16:18:52,931 - opfython.models.supervised — INFO — Training time: 0.7244484424591064 seconds.
2020-04-29 16:18:52,932 - opfython.models.supervised — INFO — Predicting data ...
2020-04-29 16:18:53,215 - opfython.models.supervised — INFO — Data has been predicted.
2020-04-29 16:18:53,216 - opfython.models.supervised — INFO — Prediction time: 0.2817821502685547 seconds.
2020-04-29 16:18:53,218 - opfython.models.supervised — INFO — Accuracy: 1.0 | Delta: 0.0 | Maximum Accuracy: 1.0
2020-04-29 16:18:53,219 - opfython.models.supervised — INFO — Best classifier has been learned over iteration 8.
2020-04-29 16:18:53,220 - opfython.models.supervised — INFO — Predicting data ...
2020-04-29 16:18:53,703 - opfython.models.supervised — INFO — Data has been predicted.
2020-04-29 16:18:53,704 - opfython.models.supervised — INFO — Prediction time: 0.4820418357849121 seconds.
2020-04-29 16:18:53,706 - opfython.models.supervised — INFO — Predicting data ...
2020-04-29 16:23:24,259 - opfython.models.supervised — INFO — Data has been predicted.
2020-04-29 16:23:24,261 - opfython.models.supervised — INFO — Prediction time: 270.5527982711792 seconds.
